La génération a démarré 2013-04-02 22:35:48.
     1>Projet "C:\Users\Mitchel\Desktop\GitHub\RobotFoot\Embedded Computer\TraitementImage\Experimentation\MyNewOpenCVProject\MyNewOpenCVProject\MyNewOpenCVProject.vcxproj" sur le nœud 2 (Build cible(s)).
     1>ClCompile:
         C:\Program Files (x86)\Microsoft Visual Studio 11.0\VC\bin\CL.exe /c /IC:\opencv244\build\include /ZI /nologo /W3 /WX- /Od /Oy- /D WIN32 /D _DEBUG /D _CONSOLE /D _UNICODE /D UNICODE /Gm /EHsc /RTC1 /MDd /GS /fp:precise /Zc:wchar_t /Zc:forScope /Fo"Debug\\" /Fd"Debug\vc110.pdb" /Gd /TP /analyze- /errorReport:prompt Camera.cpp test.cpp
         test.cpp
     1>c:\users\mitchel\desktop\github\robotfoot\embedded computer\traitementimage\experimentation\mynewopencvproject\mynewopencvproject\test.cpp(16): warning C4551: liste d'arguments manquante dans l'appel de fonction
     1>c:\users\mitchel\desktop\github\robotfoot\embedded computer\traitementimage\experimentation\mynewopencvproject\mynewopencvproject\test.cpp(126): warning C4551: liste d'arguments manquante dans l'appel de fonction
     1>c:\users\mitchel\desktop\github\robotfoot\embedded computer\traitementimage\experimentation\mynewopencvproject\mynewopencvproject\test.cpp(188): warning C4244: 'argument' : conversion de 'double' en 'int', perte possible de données
     1>c:\users\mitchel\desktop\github\robotfoot\embedded computer\traitementimage\experimentation\mynewopencvproject\mynewopencvproject\test.cpp(189): warning C4244: 'argument' : conversion de 'double' en 'int', perte possible de données
         Camera.cpp
         Génération de code en cours...
       Link:
         C:\Program Files (x86)\Microsoft Visual Studio 11.0\VC\bin\link.exe /ERRORREPORT:PROMPT /OUT:"C:\Users\Mitchel\Desktop\GitHub\RobotFoot\Embedded Computer\TraitementImage\Experimentation\MyNewOpenCVProject\Debug\MyNewOpenCVProject.exe" /INCREMENTAL /NOLOGO /LIBPATH:C:\opencv244\build\x86\vc11\lib opencv_core244d.lib opencv_imgproc244d.lib opencv_highgui244d.lib opencv_ml244d.lib opencv_video244d.lib opencv_features2d244d.lib opencv_calib3d244d.lib opencv_objdetect244d.lib opencv_contrib244d.lib opencv_legacy244d.lib opencv_flann244d.lib /MANIFEST /MANIFESTUAC:"level='asInvoker' uiAccess='false'" /manifest:embed /DEBUG /PDB:"C:\Users\Mitchel\Desktop\GitHub\RobotFoot\Embedded Computer\TraitementImage\Experimentation\MyNewOpenCVProject\Debug\MyNewOpenCVProject.pdb" /SUBSYSTEM:CONSOLE /TLBID:1 /DYNAMICBASE /NXCOMPAT /IMPLIB:"C:\Users\Mitchel\Desktop\GitHub\RobotFoot\Embedded Computer\TraitementImage\Experimentation\MyNewOpenCVProject\Debug\MyNewOpenCVProject.lib" /MACHINE:X86 Debug\Camera.obj
         Debug\ColorFinder.obj
         Debug\ImageProcessing.obj
         Debug\Settings.obj
         Debug\main.obj
         Debug\test.obj
         LINK : C:\Users\Mitchel\Desktop\GitHub\RobotFoot\Embedded Computer\TraitementImage\Experimentation\MyNewOpenCVProject\Debug\MyNewOpenCVProject.exe introuvable ou non généré par la dernière édition de liens incrémentielle ; édition de liens complète en cours
     1>Camera.obj : error LNK2019: symbole externe non résolu "private: __thiscall Camera::Camera(void)" (??0Camera@@AAE@XZ) référencé dans la fonction "public: static class Camera & __cdecl Camera::getInstance(void)" (?getInstance@Camera@@SAAAV1@XZ)
     1>C:\Users\Mitchel\Desktop\GitHub\RobotFoot\Embedded Computer\TraitementImage\Experimentation\MyNewOpenCVProject\Debug\MyNewOpenCVProject.exe : fatal error LNK1120: 1 externes non résolus
     1>Génération du projet "C:\Users\Mitchel\Desktop\GitHub\RobotFoot\Embedded Computer\TraitementImage\Experimentation\MyNewOpenCVProject\MyNewOpenCVProject\MyNewOpenCVProject.vcxproj" terminée (Build cible(s)) -- ÉCHEC.

ÉCHEC de la build.

Temps écoulé 00:00:07.41
